<?xml version="1.0" encoding="UTF-8"?>
<testsuite xmlns:xsi="http://www.w3.org/2001/XMLSchema-instance" xsi:noNamespaceSchemaLocation="https://maven.apache.org/surefire/maven-surefire-plugin/xsd/surefire-test-report-3.0.xsd" version="3.0" name="service.AppointmentServiceTest" time="0.057" tests="13" errors="0" skipped="0" failures="0">
  <properties>
[...]
</properties>
  <testcase name="testBook_removesSlotFromDoctor" classname="service.AppointmentServiceTest" time="0.022">
    <system-out><![CDATA[  INFO: Default doctors loaded and saved to file.

  SUCCESS: Doctor registered! Welcome, Dr. John Smith.

  SUCCESS: Registration complete! Welcome, Jabelo Pitso.

  SUCCESS: Appointment booked!
  +---------------------------------------------+
  | Appointment ID : 1                          |
  | Patient        : Jabelo Pitso               |
  | Doctor         : Dr. John Smith              |
  | Slot           : 2099-07-01 10:00           |
  | Reason         : Checkup                    |
  | Status         : SCHEDULED                  |
  +---------------------------------------------+
]]></system-out>
  </testcase>
  <testcase name="testGetScheduledForPatient_excludesCancelled" classname="service.AppointmentServiceTest" time="0.007">
    <system-out><![CDATA[  INFO: Default doctors loaded and saved to file.

  SUCCESS: Doctor registered! Welcome, Dr. John Smith.

  SUCCESS: Registration complete! Welcome, Jabelo Pitso.

  SUCCESS: Appointment booked!
  +---------------------------------------------+
  | Appointment ID : 1                          |
  | Patient        : Jabelo Pitso               |
  | Doctor         : Dr. John Smith              |
  | Slot           : 2099-07-01 10:00           |
  | Reason         : Checkup                    |
  | Status         : SCHEDULED                  |
  +---------------------------------------------+

  SUCCESS: Appointment #1 cancelled. Slot restored.
]]></system-out>
  </testcase>
  <testcase name="testBook_slotNotAvailable" classname="service.AppointmentServiceTest" time="0.003">
    <system-out><![CDATA[  INFO: Default doctors loaded and saved to file.

  SUCCESS: Doctor registered! Welcome, Dr. John Smith.

  SUCCESS: Registration complete! Welcome, Jabelo Pitso.

  ERROR: Dr. John Smith is not available at 2099-12-31 09:00
]]></system-out>
  </testcase>
  <testcase name="testBook_success" classname="service.AppointmentServiceTest" time="0.002">
    <system-out><![CDATA[  INFO: Default doctors loaded and saved to file.

  SUCCESS: Doctor registered! Welcome, Dr. John Smith.

  SUCCESS: Registration complete! Welcome, Jabelo Pitso.

  SUCCESS: Appointment booked!
  +---------------------------------------------+
  | Appointment ID : 1                          |
  | Patient        : Jabelo Pitso               |
  | Doctor         : Dr. John Smith              |
  | Slot           : 2099-07-01 10:00           |
  | Reason         : Checkup                    |
  | Status         : SCHEDULED                  |
  +---------------------------------------------+
]]></system-out>
  </testcase>
  <testcase name="testCancel_alreadyCancelled" classname="service.AppointmentServiceTest" time="0.002">
    <system-out><![CDATA[  INFO: Default doctors loaded and saved to file.

  SUCCESS: Doctor registered! Welcome, Dr. John Smith.

  SUCCESS: Registration complete! Welcome, Jabelo Pitso.

  SUCCESS: Appointment booked!
  +---------------------------------------------+
  | Appointment ID : 1                          |
  | Patient        : Jabelo Pitso               |
  | Doctor         : Dr. John Smith              |
  | Slot           : 2099-07-01 10:00           |
  | Reason         : Checkup                    |
  | Status         : SCHEDULED                  |
  +---------------------------------------------+

  SUCCESS: Appointment #1 cancelled. Slot restored.
]]></system-out>
  </testcase>
  <testcase name="testCancel_notFound" classname="service.AppointmentServiceTest" time="0.001">
    <system-out><![CDATA[  INFO: Default doctors loaded and saved to file.

  SUCCESS: Doctor registered! Welcome, Dr. John Smith.

  SUCCESS: Registration complete! Welcome, Jabelo Pitso.

  ERROR: Appointment #999 not found.
]]></system-out>
  </testcase>
  <testcase name="testBook_conflictDetected" classname="service.AppointmentServiceTest" time="0.002">
    <system-out><![CDATA[  INFO: Default doctors loaded and saved to file.

  SUCCESS: Doctor registered! Welcome, Dr. John Smith.

  SUCCESS: Registration complete! Welcome, Jabelo Pitso.

  SUCCESS: Doctor registered! Welcome, Dr. Jane Doe.

  SUCCESS: Appointment booked!
  +---------------------------------------------+
  | Appointment ID : 1                          |
  | Patient        : Jabelo Pitso               |
  | Doctor         : Dr. John Smith              |
  | Slot           : 2099-07-01 10:00           |
  | Reason         : Checkup                    |
  | Status         : SCHEDULED                  |
  +---------------------------------------------+

  ERROR: You already have an appointment at 2099-07-01 10:00
]]></system-out>
  </testcase>
  <testcase name="testBook_differentSlots_success" classname="service.AppointmentServiceTest" time="0.002">
    <system-out><![CDATA[  INFO: Default doctors loaded and saved to file.

  SUCCESS: Doctor registered! Welcome, Dr. John Smith.

  SUCCESS: Registration complete! Welcome, Jabelo Pitso.

  SUCCESS: Doctor registered! Welcome, Dr. Jane Doe.

  SUCCESS: Appointment booked!
  +---------------------------------------------+
  | Appointment ID : 1                          |
  | Patient        : Jabelo Pitso               |
  | Doctor         : Dr. John Smith              |
  | Slot           : 2099-07-01 10:00           |
  | Reason         : Checkup                    |
  | Status         : SCHEDULED                  |
  +---------------------------------------------+

  SUCCESS: Appointment booked!
  +---------------------------------------------+
  | Appointment ID : 2                          |
  | Patient        : Jabelo Pitso               |
  | Doctor         : Dr. Jane Doe                |
  | Slot           : 2099-08-01 09:00           |
  | Reason         : Skin check                 |
  | Status         : SCHEDULED                  |
  +---------------------------------------------+
]]></system-out>
  </testcase>
  <testcase name="testBook_pastSlotRejected" classname="service.AppointmentServiceTest" time="0.001">
    <system-out><![CDATA[  INFO: Default doctors loaded and saved to file.

  SUCCESS: Doctor registered! Welcome, Dr. John Smith.

  SUCCESS: Registration complete! Welcome, Jabelo Pitso.

  ERROR: Cannot book a slot in the past.
         Selected : 2000-01-01 10:00
         Now      : 2026-02-23 19:25
]]></system-out>
  </testcase>
  <testcase name="testCancel_restoresSlot" classname="service.AppointmentServiceTest" time="0.001">
    <system-out><![CDATA[  INFO: Default doctors loaded and saved to file.

  SUCCESS: Doctor registered! Welcome, Dr. John Smith.

  SUCCESS: Registration complete! Welcome, Jabelo Pitso.

  SUCCESS: Appointment booked!
  +---------------------------------------------+
  | Appointment ID : 1                          |
  | Patient        : Jabelo Pitso               |
  | Doctor         : Dr. John Smith              |
  | Slot           : 2099-07-01 10:00           |
  | Reason         : Checkup                    |
  | Status         : SCHEDULED                  |
  +---------------------------------------------+

  SUCCESS: Appointment #1 cancelled. Slot restored.
]]></system-out>
  </testcase>
  <testcase name="testGetScheduledForPatient" classname="service.AppointmentServiceTest" time="0.001">
    <system-out><![CDATA[  INFO: Default doctors loaded and saved to file.

  SUCCESS: Doctor registered! Welcome, Dr. John Smith.

  SUCCESS: Registration complete! Welcome, Jabelo Pitso.

  SUCCESS: Appointment booked!
  +---------------------------------------------+
  | Appointment ID : 1                          |
  | Patient        : Jabelo Pitso               |
  | Doctor         : Dr. John Smith              |
  | Slot           : 2099-07-01 10:00           |
  | Reason         : Checkup                    |
  | Status         : SCHEDULED                  |
  +---------------------------------------------+

  SUCCESS: Appointment booked!
  +---------------------------------------------+
  | Appointment ID : 2                          |
  | Patient        : Jabelo Pitso               |
  | Doctor         : Dr. John Smith              |
  | Slot           : 2099-07-01 14:00           |
  | Reason         : Follow-up                  |
  | Status         : SCHEDULED                  |
  +---------------------------------------------+
]]></system-out>
  </testcase>
  <testcase name="testCancel_wrongPatient" classname="service.AppointmentServiceTest" time="0.002">
    <system-out><![CDATA[  INFO: Default doctors loaded and saved to file.

  SUCCESS: Doctor registered! Welcome, Dr. John Smith.

  SUCCESS: Registration complete! Welcome, Jabelo Pitso.

  SUCCESS: Registration complete! Welcome, Other Person.

  SUCCESS: Appointment booked!
  +---------------------------------------------+
  | Appointment ID : 1                          |
  | Patient        : Jabelo Pitso               |
  | Doctor         : Dr. John Smith              |
  | Slot           : 2099-07-01 10:00           |
  | Reason         : Checkup                    |
  | Status         : SCHEDULED                  |
  +---------------------------------------------+

  ERROR: You can only cancel your own appointments.
]]></system-out>
  </testcase>
  <testcase name="testCancel_success" classname="service.AppointmentServiceTest" time="0.002">
    <system-out><![CDATA[  INFO: Default doctors loaded and saved to file.

  SUCCESS: Doctor registered! Welcome, Dr. John Smith.

  SUCCESS: Registration complete! Welcome, Jabelo Pitso.

  SUCCESS: Appointment booked!
  +---------------------------------------------+
  | Appointment ID : 1                          |
  | Patient        : Jabelo Pitso               |
  | Doctor         : Dr. John Smith              |
  | Slot           : 2099-07-01 10:00           |
  | Reason         : Checkup                    |
  | Status         : SCHEDULED                  |
  +---------------------------------------------+

  SUCCESS: Appointment #1 cancelled. Slot restored.
]]></system-out>
  </testcase>
</testsuite>