<?xml version="1.0" encoding="UTF-8"?>
<testsuite xmlns:xsi="http://www.w3.org/2001/XMLSchema-instance" xsi:noNamespaceSchemaLocation="https://maven.apache.org/surefire/maven-surefire-plugin/xsd/surefire-test-report-3.0.xsd" version="3.0" name="service.DoctorServiceTest" time="0.02" tests="11" errors="0" skipped="0" failures="0">
  <properties>
[...]
</properties>
  <testcase name="testAddSlot" classname="service.DoctorServiceTest" time="0.006">
    <system-out><![CDATA[  INFO: Default doctors loaded and saved to file.

  SUCCESS: Doctor registered! Welcome, Dr. John Smith.
]]></system-out>
  </testcase>
  <testcase name="testAddSlot_noDuplicates" classname="service.DoctorServiceTest" time="0.001">
    <system-out><![CDATA[  INFO: Default doctors loaded and saved to file.

  SUCCESS: Doctor registered! Welcome, Dr. John Smith.
]]></system-out>
  </testcase>
  <testcase name="testFindById_success" classname="service.DoctorServiceTest" time="0.001">
    <system-out><![CDATA[  INFO: Default doctors loaded and saved to file.

  SUCCESS: Doctor registered! Welcome, Dr. John Smith.
]]></system-out>
  </testcase>
  <testcase name="testLogin_wrongPassword" classname="service.DoctorServiceTest" time="0.001">
    <system-out><![CDATA[  INFO: Default doctors loaded and saved to file.

  ERROR: Invalid doctor credentials.
]]></system-out>
  </testcase>
  <testcase name="testRegister_success" classname="service.DoctorServiceTest" time="0.001">
    <system-out><![CDATA[  INFO: Default doctors loaded and saved to file.

  SUCCESS: Doctor registered! Welcome, Dr. John Smith.
]]></system-out>
  </testcase>
  <testcase name="testRegister_duplicateUsername" classname="service.DoctorServiceTest" time="0.001">
    <system-out><![CDATA[  INFO: Default doctors loaded and saved to file.

  SUCCESS: Doctor registered! Welcome, Dr. John Smith.

  ERROR: Username 'john' is already taken.
]]></system-out>
  </testcase>
  <testcase name="testRemoveSlot" classname="service.DoctorServiceTest" time="0.001">
    <system-out><![CDATA[  INFO: Default doctors loaded and saved to file.

  SUCCESS: Doctor registered! Welcome, Dr. John Smith.
]]></system-out>
  </testcase>
  <testcase name="testLogin_success" classname="service.DoctorServiceTest" time="0.001">
    <system-out><![CDATA[  INFO: Default doctors loaded and saved to file.

  SUCCESS: Welcome, Dr. Sarah Johnson!
]]></system-out>
  </testcase>
  <testcase name="testFindById_notFound" classname="service.DoctorServiceTest" time="0.001">
    <system-out><![CDATA[  INFO: Default doctors loaded and saved to file.
]]></system-out>
  </testcase>
  <testcase name="testDefaultDoctors_seeded" classname="service.DoctorServiceTest" time="0.001">
    <system-out><![CDATA[  INFO: Default doctors loaded and saved to file.
]]></system-out>
  </testcase>
  <testcase name="testLogin_unknownUsername" classname="service.DoctorServiceTest" time="0.001">
    <system-out><![CDATA[  INFO: Default doctors loaded and saved to file.

  ERROR: Invalid doctor credentials.
]]></system-out>
  </testcase>
</testsuite>